Vivado Simulator v2020.2.2
Time resolution is 1 ps
WARNING: Too many words specified in data file /home/grunt/Samba/DATA/AES/Data/ciphertext_plaintext/128128_ciphertext.txt
// RTL Simulation random : 0 / 21 [n/a] @ "30000"
// RTL Simulation random : 1 / 21 [n/a] @ "8060000"
expected random ciphertext:	0000000000000000000000000000000079abc5c23868ad84d388ce61110a6274
ciphertext:	0000000000000000000000000000000079abc5c23868ad84d388ce61110a6274
Simulation Passed.
// RTL Simulation fiexd : 1 / 10 [n/a] @ "16030000"
expected fixed ciphertext:	0000000000000000000000000000000079abc5c23868ad84d388ce61110a6274,
ciphertext:	0000000000000000000000000000000079abc5c23868ad84d388ce61110a6274
Simulation Passed.
// RTL Simulation random : 2 / 21 [n/a] @ "24000000"
expected random ciphertext:	0000000000000000000000000000000009dea09eedcdbf0727849e01960a3255
ciphertext:	0000000000000000000000000000000009dea09eedcdbf0727849e01960a3255
Simulation Passed.
// RTL Simulation fiexd : 2 / 10 [n/a] @ "31970000"
expected fixed ciphertext:	0000000000000000000000000000000079abc5c23868ad84d388ce61110a6274,
ciphertext:	0000000000000000000000000000000079abc5c23868ad84d388ce61110a6274
Simulation Passed.
// RTL Simulation random : 3 / 21 [n/a] @ "39940000"
expected random ciphertext:	00000000000000000000000000000000f698ac9e12172eb8a7a848913d639820
ciphertext:	00000000000000000000000000000000f698ac9e12172eb8a7a848913d639820
Simulation Passed.
// RTL Simulation fiexd : 3 / 10 [n/a] @ "47910000"
expected fixed ciphertext:	0000000000000000000000000000000079abc5c23868ad84d388ce61110a6274,
ciphertext:	0000000000000000000000000000000079abc5c23868ad84d388ce61110a6274
Simulation Passed.
// RTL Simulation random : 4 / 21 [n/a] @ "55880000"
expected random ciphertext:	00000000000000000000000000000000652e3d01ce6ace457752b786b74344d6
ciphertext:	00000000000000000000000000000000652e3d01ce6ace457752b786b74344d6
Simulation Passed.
// RTL Simulation fiexd : 4 / 10 [n/a] @ "63850000"
expected fixed ciphertext:	0000000000000000000000000000000079abc5c23868ad84d388ce61110a6274,
ciphertext:	0000000000000000000000000000000079abc5c23868ad84d388ce61110a6274
Simulation Passed.
// RTL Simulation random : 5 / 21 [n/a] @ "71820000"
expected random ciphertext:	000000000000000000000000000000003b84d1a6f03dadfc70f132ecf1aa5e9a
ciphertext:	000000000000000000000000000000003b84d1a6f03dadfc70f132ecf1aa5e9a
Simulation Passed.
// RTL Simulation fiexd : 5 / 10 [n/a] @ "79790000"
expected fixed ciphertext:	0000000000000000000000000000000079abc5c23868ad84d388ce61110a6274,
ciphertext:	0000000000000000000000000000000079abc5c23868ad84d388ce61110a6274
Simulation Passed.
// RTL Simulation random : 6 / 21 [n/a] @ "87760000"
expected random ciphertext:	00000000000000000000000000000000eb62fae2f8255a422699e4d55206d9da
ciphertext:	00000000000000000000000000000000eb62fae2f8255a422699e4d55206d9da
Simulation Passed.
// RTL Simulation fiexd : 6 / 10 [n/a] @ "95730000"
expected fixed ciphertext:	0000000000000000000000000000000079abc5c23868ad84d388ce61110a6274,
ciphertext:	0000000000000000000000000000000079abc5c23868ad84d388ce61110a6274
Simulation Passed.
// RTL Simulation random : 7 / 21 [n/a] @ "103700000"
expected random ciphertext:	000000000000000000000000000000007f06f20f67c6152416cb57ed76687225
ciphertext:	000000000000000000000000000000007f06f20f67c6152416cb57ed76687225
Simulation Passed.
// RTL Simulation fiexd : 7 / 10 [n/a] @ "111670000"
expected fixed ciphertext:	0000000000000000000000000000000079abc5c23868ad84d388ce61110a6274,
ciphertext:	0000000000000000000000000000000079abc5c23868ad84d388ce61110a6274
Simulation Passed.
// RTL Simulation random : 8 / 21 [n/a] @ "119640000"
expected random ciphertext:	00000000000000000000000000000000a807cc0288ade9e09dfa6e79cae8b618
ciphertext:	00000000000000000000000000000000a807cc0288ade9e09dfa6e79cae8b618
Simulation Passed.
// RTL Simulation fiexd : 8 / 10 [n/a] @ "127610000"
expected fixed ciphertext:	0000000000000000000000000000000079abc5c23868ad84d388ce61110a6274,
ciphertext:	0000000000000000000000000000000079abc5c23868ad84d388ce61110a6274
Simulation Passed.
// RTL Simulation random : 9 / 21 [n/a] @ "135580000"
expected random ciphertext:	00000000000000000000000000000000803025ea2529152abc467bd31cdee61d
ciphertext:	00000000000000000000000000000000803025ea2529152abc467bd31cdee61d
Simulation Passed.
// RTL Simulation fiexd : 9 / 10 [n/a] @ "143550000"
expected fixed ciphertext:	0000000000000000000000000000000079abc5c23868ad84d388ce61110a6274,
ciphertext:	0000000000000000000000000000000079abc5c23868ad84d388ce61110a6274
Simulation Passed.
// RTL Simulation random : 10 / 21 [n/a] @ "151520000"
expected random ciphertext:	000000000000000000000000000000006c24cf6a659346e34a0cd2e4ad54a212
ciphertext:	000000000000000000000000000000006c24cf6a659346e34a0cd2e4ad54a212
Simulation Passed.
// RTL Simulation fiexd : 10 / 10 [n/a] @ "159490000"
expected fixed ciphertext:	0000000000000000000000000000000079abc5c23868ad84d388ce61110a6274,
ciphertext:	0000000000000000000000000000000079abc5c23868ad84d388ce61110a6274
Simulation Passed.
// RTL Simulation random : 11 / 21 [n/a] @ "167460000"
expected random ciphertext:	00000000000000000000000000000000ae0188cba6237a2c80e3bf43716ef495
ciphertext:	00000000000000000000000000000000ae0188cba6237a2c80e3bf43716ef495
Simulation Passed.
// RTL Simulation random : 12 / 21 [n/a] @ "175430000"
expected random ciphertext:	00000000000000000000000000000000eb35c9f35ea06a10a6bf51fa8d8e87b9
ciphertext:	00000000000000000000000000000000eb35c9f35ea06a10a6bf51fa8d8e87b9
Simulation Passed.
// RTL Simulation random : 13 / 21 [n/a] @ "183400000"
expected random ciphertext:	0000000000000000000000000000000084c5d3a8d0b04fbd1dcd12e0b26ba423
ciphertext:	0000000000000000000000000000000084c5d3a8d0b04fbd1dcd12e0b26ba423
Simulation Passed.
// RTL Simulation random : 14 / 21 [n/a] @ "191370000"
expected random ciphertext:	000000000000000000000000000000008042cd7391ecce6bc34a27b1889bc62b
ciphertext:	000000000000000000000000000000008042cd7391ecce6bc34a27b1889bc62b
Simulation Passed.
// RTL Simulation random : 15 / 21 [n/a] @ "199340000"
expected random ciphertext:	0000000000000000000000000000000049252991a6cd3279e994462de73ed1e9
ciphertext:	0000000000000000000000000000000049252991a6cd3279e994462de73ed1e9
Simulation Passed.
// RTL Simulation random : 16 / 21 [n/a] @ "207310000"
expected random ciphertext:	00000000000000000000000000000000bfb945ab83608563d1bfb9615c574fc2
ciphertext:	00000000000000000000000000000000bfb945ab83608563d1bfb9615c574fc2
Simulation Passed.
// RTL Simulation random : 17 / 21 [n/a] @ "215280000"
expected random ciphertext:	00000000000000000000000000000000f0356773187b68b79ee370279c976586
ciphertext:	00000000000000000000000000000000f0356773187b68b79ee370279c976586
Simulation Passed.
// RTL Simulation random : 18 / 21 [n/a] @ "223250000"
expected random ciphertext:	000000000000000000000000000000006a0d0f5bf2eddfca2d7cd7b8c3b1c0ce
ciphertext:	000000000000000000000000000000006a0d0f5bf2eddfca2d7cd7b8c3b1c0ce
Simulation Passed.
// RTL Simulation random : 19 / 21 [n/a] @ "231220000"
expected random ciphertext:	00000000000000000000000000000000df031b7eb1837b756e34ac72a96fcabe
ciphertext:	00000000000000000000000000000000df031b7eb1837b756e34ac72a96fcabe
Simulation Passed.
// RTL Simulation random : 20 / 21 [n/a] @ "239190000"
expected random ciphertext:	00000000000000000000000000000000bf2933ca4f05331afc988f96693b2e37
ciphertext:	00000000000000000000000000000000bf2933ca4f05331afc988f96693b2e37
Simulation Passed.
// RTL Simulation random : 21 / 21 [n/a] @ "247160000"
expected random ciphertext:	00000000000000000000000000000000e96d57985aad912de3a1f1b6e5ccc4bd
ciphertext:	00000000000000000000000000000000e96d57985aad912de3a1f1b6e5ccc4bd
Simulation Passed.
Simulation with error: 0.
$finish called at time : 247160 ns : File "/home/grunt/Vivado/aes_vivado/aes_vivado.srcs/sim_1/new/aes.v" Line 144
