INFO: [VRFC 10-2263] Analyzing Verilog file "/home/grunt/Vivado/aes_vivado/aes_vivado.sim/sim_1/impl/timing/xsim/aes_time_impl.v" into library xil_defaultlib
INFO: [VRFC 10-311] analyzing module RAM32X1S_UNIQ_BASE_
INFO: [VRFC 10-311] analyzing module RAM32X1S_HD29
INFO: [VRFC 10-311] analyzing module RAM32X1S_HD30
INFO: [VRFC 10-311] analyzing module RAM32X1S_HD31
INFO: [VRFC 10-311] analyzing module RAM32X1S_HD32
INFO: [VRFC 10-311] analyzing module RAM32X1S_HD33
INFO: [VRFC 10-311] analyzing module RAM32X1S_HD34
INFO: [VRFC 10-311] analyzing module RAM32X1S_HD35
INFO: [VRFC 10-311] analyzing module design_1
INFO: [VRFC 10-311] analyzing module design_1_aes_encrypt_0_0
INFO: [VRFC 10-311] analyzing module design_1_aes_encrypt_0_0_aes_encrypt
INFO: [VRFC 10-311] analyzing module design_1_aes_encrypt_0_0_aes_encrypt_ByteSub_ShiftRow
INFO: [VRFC 10-311] analyzing module design_1_aes_encrypt_0_0_aes_encrypt_KeySchedule
INFO: [VRFC 10-311] analyzing module design_1_aes_encrypt_0_0_aes_encrypt_KeySchedule_Rcon0
INFO: [VRFC 10-311] analyzing module design_1_aes_encrypt_0_0_aes_encrypt_KeySchedule_Rcon0_rom
INFO: [VRFC 10-311] analyzing module design_1_aes_encrypt_0_0_aes_encrypt_KeySchedule_Sbox
INFO: [VRFC 10-311] analyzing module design_1_aes_encrypt_0_0_aes_encrypt_KeySchedule_Sbox_4
INFO: [VRFC 10-311] analyzing module design_1_aes_encrypt_0_0_aes_encrypt_KeySchedule_Sbox_rom
INFO: [VRFC 10-311] analyzing module design_1_aes_encrypt_0_0_aes_encrypt_KeySchedule_Sbox_rom_5
INFO: [VRFC 10-311] analyzing module design_1_aes_encrypt_0_0_aes_encrypt_MixColumn_AddRoundKey
INFO: [VRFC 10-311] analyzing module design_1_aes_encrypt_0_0_aes_encrypt_MixColumn_AddRoundKey_ret
INFO: [VRFC 10-311] analyzing module design_1_aes_encrypt_0_0_aes_encrypt_MixColumn_AddRoundKey_ret_1
INFO: [VRFC 10-311] analyzing module design_1_aes_encrypt_0_0_aes_encrypt_MixColumn_AddRoundKey_ret_ram
INFO: [VRFC 10-311] analyzing module design_1_aes_encrypt_0_0_aes_encrypt_MixColumn_AddRoundKey_ret_ram_2
INFO: [VRFC 10-311] analyzing module design_1_aes_encrypt_0_0_aes_encrypt_key
INFO: [VRFC 10-311] analyzing module design_1_aes_encrypt_0_0_aes_encrypt_key_ram
INFO: [VRFC 10-311] analyzing module design_1_aes_encrypt_0_0_aes_encrypt_mul_4ns_4ns_7_1_1
INFO: [VRFC 10-311] analyzing module design_1_aes_encrypt_0_0_aes_encrypt_mul_4ns_4ns_7_1_1_0
INFO: [VRFC 10-311] analyzing module design_1_aes_encrypt_0_0_aes_encrypt_mul_4ns_4ns_7_1_1_Multiplier_1
INFO: [VRFC 10-311] analyzing module design_1_aes_encrypt_0_0_aes_encrypt_mul_4ns_4ns_7_1_1_Multiplier_1_3
INFO: [VRFC 10-311] analyzing module design_1_aes_encrypt_0_0_aes_encrypt_mul_4ns_4ns_8_1_1
INFO: [VRFC 10-311] analyzing module design_1_aes_encrypt_0_0_aes_encrypt_mul_4ns_4ns_8_1_1_Multiplier_0
INFO: [VRFC 10-311] analyzing module design_1_aes_encrypt_0_0_aes_encrypt_udiv_7ns_4ns_5_11_1
INFO: [VRFC 10-311] analyzing module design_1_aes_encrypt_0_0_aes_encrypt_udiv_7ns_4ns_5_11_1_div
INFO: [VRFC 10-311] analyzing module design_1_aes_encrypt_0_0_aes_encrypt_udiv_7ns_4ns_5_11_1_div_u
INFO: [VRFC 10-311] analyzing module design_1_aes_encrypt_0_0_aes_encrypt_urem_7ns_4ns_3_11_1
INFO: [VRFC 10-311] analyzing module design_1_aes_encrypt_0_0_aes_encrypt_urem_7ns_4ns_3_11_1_div
INFO: [VRFC 10-311] analyzing module design_1_aes_encrypt_0_0_aes_encrypt_urem_7ns_4ns_3_11_1_div_u
INFO: [VRFC 10-311] analyzing module design_1_aes_encrypt_0_0_aes_encrypt_word
INFO: [VRFC 10-311] analyzing module design_1_aes_encrypt_0_0_aes_encrypt_word_ram
INFO: [VRFC 10-311] analyzing module design_1_wrapper
INFO: [VRFC 10-311] analyzing module glbl
INFO: [VRFC 10-2263] Analyzing Verilog file "/home/grunt/Vivado/aes_vivado/aes_vivado.srcs/sim_1/new/aes.v" into library xil_defaultlib
INFO: [VRFC 10-311] analyzing module aes
